<?xml version="1.0" encoding="UTF-8"?>
<!-- Generated by org.testng.reporters.JUnitXMLReporter -->
<testsuite hostname="ThankYouKrishna" ignored="0" name="Different Test Feature Test" tests="12" failures="1" timestamp="2020-04-09T14:11:22 BST" time="44.358" errors="0">
  <testcase name="divison" time="0.022" classname="TestNgTestSessions.TestNgTest.ExceptionTimeOutTest"/>
  <testcase name="googleTitleTest" time="0.011" classname="TestNgTestSessions.TestNgTest.GooglefeatureTest">
    <failure type="java.lang.ArithmeticException" message="/ by zero">
      <![CDATA[java.lang.ArithmeticException: / by zero
at TestNgTestSessions.TestNgTest.GooglefeatureTest.googleTitleTest(GooglefeatureTest.java:39)
at java.util.ArrayList.forEach(Unknown Source)
... Removed 27 stack frames]]>
    </failure>
  </testcase> <!-- googleTitleTest -->
  <testcase name="googleLogoTest" time="0.0" classname="TestNgTestSessions.TestNgTest.GooglefeatureTest">
    <skipped/>
  </testcase> <!-- googleLogoTest -->
  <testcase name="gmailLinkTest" time="0.155" classname="TestNgTestSessions.TestNgTest.GooglefeatureTest"/>
  <testcase name="googleLogoTest" time="0.058" classname="TestNgTestSessions.TestNgTest.GoogleTitleTest"/>
  <testcase name="googleTitleTest" time="0.009" classname="TestNgTestSessions.TestNgTest.GoogleTitleTest"/>
  <testcase name="sum" time="0.002" classname="TestNgTestSessions.TestNgTest.InvocationCountTest"/>
  <testcase name="sum" time="0.001" classname="TestNgTestSessions.TestNgTest.InvocationCountTest"/>
  <testcase name="sum" time="0.001" classname="TestNgTestSessions.TestNgTest.InvocationCountTest"/>
  <testcase name="sum" time="0.001" classname="TestNgTestSessions.TestNgTest.InvocationCountTest"/>
  <testcase name="sum" time="0.003" classname="TestNgTestSessions.TestNgTest.InvocationCountTest"/>
  <testcase name="launch" time="5.253" classname="TestNgTestSessions.TestNgTest.TestNgBasics"/>
</testsuite> <!-- Different Test Feature Test -->
