<?xml version="1.0" encoding="UTF-8"?>
<!-- Generated by org.testng.reporters.JUnitXMLReporter -->
<testsuite hostname="ThankYouKrishna" ignored="0" name="Default test" tests="5" failures="0" timestamp="2020-04-11T07:57:27 BST" time="0.119" errors="0">
  <testcase name="sum" time="0.018" classname="TestNgTestSessions.TestNgTest.InvocationCountTest"/>
  <testcase name="sum" time="0.003" classname="TestNgTestSessions.TestNgTest.InvocationCountTest"/>
  <testcase name="sum" time="0.004" classname="TestNgTestSessions.TestNgTest.InvocationCountTest"/>
  <testcase name="sum" time="0.003" classname="TestNgTestSessions.TestNgTest.InvocationCountTest"/>
  <testcase name="sum" time="0.004" classname="TestNgTestSessions.TestNgTest.InvocationCountTest"/>
</testsuite> <!-- Default test -->
